0 info it worked if it ends with ok
1 verbose cli [ 'C:\\Program Files\\nodejs\\node.exe',
1 verbose cli   'C:\\Program Files\\nodejs\\node_modules\\npm\\bin\\npm-cli.js',
1 verbose cli   'start' ]
2 info using npm@3.10.10
3 info using node@v6.10.2
4 verbose run-script [ 'prestart', 'start', 'poststart' ]
5 info lifecycle ionic-heroku@0.0.1~prestart: ionic-heroku@0.0.1
6 silly lifecycle ionic-heroku@0.0.1~prestart: no script for prestart, continuing
7 info lifecycle ionic-heroku@0.0.1~start: ionic-heroku@0.0.1
8 verbose lifecycle ionic-heroku@0.0.1~start: unsafe-perm in lifecycle true
9 verbose lifecycle ionic-heroku@0.0.1~start: PATH: C:\Program Files\nodejs\node_modules\npm\bin\node-gyp-bin;D:\ionic-heroku-button-master\ionic-heroku-button-master\node_modules\.bin;C:\ProgramData\Oracle\Java\javapath;C:\Program Files (x86)\Intel\iCLS Client\;C:\Program Files\Intel\iCLS Client\;C:\Windows\system32;C:\Windows;C:\Windows\System32\Wbem;C:\Windows\System32\WindowsPowerShell\v1.0\;C:\Program Files\Intel\Intel(R) Management Engine Components\DAL;C:\Program Files (x86)\Intel\Intel(R) Management Engine Components\DAL;C:\Program Files\Intel\Intel(R) Management Engine Components\IPT;C:\Program Files (x86)\Intel\Intel(R) Management Engine Components\IPT;C:\Program Files\Symantec.cloud\PlatformAgent\;C:\Program Files\TortoiseGit\bin;C:\Program Files\nodejs\;C:\Ruby23-x64\bin;C:\Ruby22-x64\bin;C:\Users\Ravika\AppData\Roaming\npm;C:\Program Files\Java\jdk1.8.0_151\bin;C:\Program Files\apache-maven-3.5.0\bin;C:\Program Files\Heroku\bin;C:\Users\Ravika\AppData\Local\atom\bin;C:\Program Files (x86)\Git\bin;C:\Users\Ravika;
10 verbose lifecycle ionic-heroku@0.0.1~start: CWD: D:\ionic-heroku-button-master\ionic-heroku-button-master
11 silly lifecycle ionic-heroku@0.0.1~start: Args: [ '/d /s /c', 'node server.js' ]
12 silly lifecycle ionic-heroku@0.0.1~start: Returned: code: 3221225786  signal: null
13 info lifecycle ionic-heroku@0.0.1~start: Failed to exec start script
14 verbose stack Error: ionic-heroku@0.0.1 start: `node server.js`
14 verbose stack Exit status 3221225786
14 verbose stack     at EventEmitter.<anonymous> (C:\Program Files\nodejs\node_modules\npm\lib\utils\lifecycle.js:255:16)
14 verbose stack     at emitTwo (events.js:106:13)
14 verbose stack     at EventEmitter.emit (events.js:191:7)
14 verbose stack     at ChildProcess.<anonymous> (C:\Program Files\nodejs\node_modules\npm\lib\utils\spawn.js:40:14)
14 verbose stack     at emitTwo (events.js:106:13)
14 verbose stack     at ChildProcess.emit (events.js:191:7)
14 verbose stack     at maybeClose (internal/child_process.js:886:16)
14 verbose stack     at Process.ChildProcess._handle.onexit (internal/child_process.js:226:5)
15 verbose pkgid ionic-heroku@0.0.1
16 verbose cwd D:\ionic-heroku-button-master\ionic-heroku-button-master
17 error Windows_NT 6.3.9600
18 error argv "C:\\Program Files\\nodejs\\node.exe" "C:\\Program Files\\nodejs\\node_modules\\npm\\bin\\npm-cli.js" "start"
19 error node v6.10.2
20 error npm  v3.10.10
21 error code ELIFECYCLE
22 error ionic-heroku@0.0.1 start: `node server.js`
22 error Exit status 3221225786
23 error Failed at the ionic-heroku@0.0.1 start script 'node server.js'.
23 error Make sure you have the latest version of node.js and npm installed.
23 error If you do, this is most likely a problem with the ionic-heroku package,
23 error not with npm itself.
23 error Tell the author that this fails on your system:
23 error     node server.js
23 error You can get information on how to open an issue for this project with:
23 error     npm bugs ionic-heroku
23 error Or if that isn't available, you can get their info via:
23 error     npm owner ls ionic-heroku
23 error There is likely additional logging output above.
24 verbose exit [ 1, true ]
